<?xml version="1.0" encoding="UTF-8"?>
<!-- Generated by org.testng.reporters.JUnitXMLReporter -->
<testsuite hostname="akbhatia-note2" name="Smoke Tests" tests="2" failures="1" timestamp="18 Oct 2016 10:17:20 GMT" time="6.782" errors="0">
  <testcase name="Login" time="4.291" classname="TestFiles.ShoppingTest">
    <failure type="java.lang.AssertionError" message="expected [true] but found [false]">
      <![CDATA[java.lang.AssertionError: expected [true] but found [false]
	at TestFiles.ShoppingTest.Login(ShoppingTest.java:27)
... Removed 29 stack frames]]>
    </failure>
  </testcase> <!-- Login -->
  <testcase name="AddItem" time="0.0" classname="TestFiles.ShoppingTest">
    <skipped/>
  </testcase> <!-- AddItem -->
</testsuite> <!-- Smoke Tests -->
