<?xml version="1.0" encoding="UTF-8"?>
<testng-results skipped="0" failed="0" total="3" passed="3">
  <reporter-output>
  </reporter-output>
  <suite name="Default suite" duration-ms="27815" started-at="2016-10-21T03:53:09Z" finished-at="2016-10-21T03:53:37Z">
    <groups>
    </groups>
    <test name="Default test" duration-ms="27815" started-at="2016-10-21T03:53:09Z" finished-at="2016-10-21T03:53:37Z">
      <class name="TestFiles.ShoppingTest">
        <test-method status="PASS" signature="setup()[pri:0, instance:TestFiles.ShoppingTest@5ca609]" name="setup" is-config="true" duration-ms="2465" started-at="2016-10-20T20:53:09Z" finished-at="2016-10-20T20:53:11Z">
          <reporter-output>
          </reporter-output>
        </test-method> <!-- setup -->
        <test-method status="PASS" signature="Login()[pri:1, instance:TestFiles.ShoppingTest@5ca609]" name="Login" duration-ms="12329" started-at="2016-10-20T20:53:11Z" finished-at="2016-10-20T20:53:24Z">
          <reporter-output>
          </reporter-output>
        </test-method> <!-- Login -->
        <test-method status="PASS" signature="AddItem()[pri:2, instance:TestFiles.ShoppingTest@5ca609]" name="AddItem" duration-ms="12930" started-at="2016-10-20T20:53:24Z" depends-on-methods="TestFiles.ShoppingTest.Login" finished-at="2016-10-20T20:53:37Z">
          <reporter-output>
          </reporter-output>
        </test-method> <!-- AddItem -->
        <test-method status="PASS" signature="CheckCart()[pri:3, instance:TestFiles.ShoppingTest@5ca609]" name="CheckCart" duration-ms="72" started-at="2016-10-20T20:53:37Z" depends-on-methods="TestFiles.ShoppingTest.AddItem" finished-at="2016-10-20T20:53:37Z">
          <reporter-output>
          </reporter-output>
        </test-method> <!-- CheckCart -->
      </class> <!-- TestFiles.ShoppingTest -->
    </test> <!-- Default test -->
  </suite> <!-- Default suite -->
</testng-results>
